ID Material: 2
Ancho: 33
Largo: 41
Micraje: 1.5
Color: Colores (azul)
Colores: 1
------------------------
ID Material: 2
Ancho: 33
Largo: 41
Micraje: 1.5
Color: Negro
Colores: 0
------------------------
ID Material: 2
Ancho: 33
Largo: 41
Micraje: 3
Color: verde
Colores: 1
------------------------
ID Material: 2
Ancho: 33
Largo: 41
Micraje: 3
Color: verde
Colores: 1
------------------------
ID Material: 2
Ancho: 33
Largo: 41
Micraje: 3
Color: Negro
Colores: 0
------------------------
ID Material: 2
Ancho: 33
Largo: 41
Micraje: 1.5
Color: azul
Colores: 1
------------------------
ID Material: 2
Ancho: 33
Largo: 41
Micraje: 1.5
Color: Negro
Colores: 0
------------------------
ID Material: 2
Ancho: 33
Largo: 41
Micraje: 1.5
Color: azul
Colores: 1
------------------------
ID Material: 2
Ancho: 33
Largo: 41
Micraje: 1.5
Color: Negro
Colores: 0
------------------------
ID Material: 2
Ancho: 33
Largo: 41
Micraje: 1.5
Color: Negro
Colores: 0
------------------------
ID Material: 2
Ancho: 33
Largo: 41
Micraje: 1.5
Color: Negro
Colores: 0
------------------------
ID Material: 2
Ancho: 33
Largo: 41
Micraje: 1.5
Color: Negro
Colores: 0
------------------------
ID Material: 2
Ancho: 34
Largo: 39
Micraje: 1.7
Color: Negro
Colores: 0
------------------------
ID Material: 2
Ancho: 27
Largo: 44
Micraje: 1.8
Color: Negro
Colores: 0
------------------------
